Performing C SOURCE FILE Test CMAKE_HAVE_LIBC_PTHREAD failed with the following output:
Change Dir: /home/vlad/Desktop/2_year/ACS/lab_3/a/counting_words/cmake-build-debug/CMakeFiles/CMakeTmp

Run Build Command(s):/usr/bin/make cmTC_0bc9e/fast && /usr/bin/make -f CMakeFiles/cmTC_0bc9e.dir/build.make CMakeFiles/cmTC_0bc9e.dir/build
make[1]: Entering directory '/home/vlad/Desktop/2_year/ACS/lab_3/a/counting_words/cmake-build-debug/CMakeFiles/CMakeTmp'
Building C object CMakeFiles/cmTC_0bc9e.dir/src.c.o
/usr/bin/cc   -DCMAKE_HAVE_LIBC_PTHREAD   -o CMakeFiles/cmTC_0bc9e.dir/src.c.o   -c /home/vlad/Desktop/2_year/ACS/lab_3/a/counting_words/cmake-build-debug/CMakeFiles/CMakeTmp/src.c
Linking C executable cmTC_0bc9e
/opt/clion-2019.3/bin/cmake/linux/bin/cmake -E cmake_link_script CMakeFiles/cmTC_0bc9e.dir/link.txt --verbose=1
/usr/bin/cc  -DCMAKE_HAVE_LIBC_PTHREAD    CMakeFiles/cmTC_0bc9e.dir/src.c.o  -o cmTC_0bc9e 
/usr/bin/ld: CMakeFiles/cmTC_0bc9e.dir/src.c.o: in function `main':
src.c:(.text+0x46): undefined reference to `pthread_create'
/usr/bin/ld: src.c:(.text+0x52): undefined reference to `pthread_detach'
/usr/bin/ld: src.c:(.text+0x63): undefined reference to `pthread_join'
collect2: error: ld returned 1 exit status
make[1]: *** [CMakeFiles/cmTC_0bc9e.dir/build.make:87: cmTC_0bc9e] Error 1
make[1]: Leaving directory '/home/vlad/Desktop/2_year/ACS/lab_3/a/counting_words/cmake-build-debug/CMakeFiles/CMakeTmp'
make: *** [Makefile:121: cmTC_0bc9e/fast] Error 2


Source file was:
#include <pthread.h>

void* test_func(void* data)
{
  return data;
}

int main(void)
{
  pthread_t thread;
  pthread_create(&thread, NULL, test_func, NULL);
  pthread_detach(thread);
  pthread_join(thread, NULL);
  pthread_atfork(NULL, NULL, NULL);
  pthread_exit(NULL);

  return 0;
}

Determining if the function pthread_create exists in the pthreads failed with the following output:
Change Dir: /home/vlad/Desktop/2_year/ACS/lab_3/a/counting_words/cmake-build-debug/CMakeFiles/CMakeTmp

Run Build Command(s):/usr/bin/make cmTC_04cce/fast && /usr/bin/make -f CMakeFiles/cmTC_04cce.dir/build.make CMakeFiles/cmTC_04cce.dir/build
make[1]: Entering directory '/home/vlad/Desktop/2_year/ACS/lab_3/a/counting_words/cmake-build-debug/CMakeFiles/CMakeTmp'
Building C object CMakeFiles/cmTC_04cce.dir/CheckFunctionExists.c.o
/usr/bin/cc   -DCHECK_FUNCTION_EXISTS=pthread_create   -o CMakeFiles/cmTC_04cce.dir/CheckFunctionExists.c.o   -c /opt/clion-2019.3/bin/cmake/linux/share/cmake-3.15/Modules/CheckFunctionExists.c
Linking C executable cmTC_04cce
/opt/clion-2019.3/bin/cmake/linux/bin/cmake -E cmake_link_script CMakeFiles/cmTC_04cce.dir/link.txt --verbose=1
/usr/bin/cc  -DCHECK_FUNCTION_EXISTS=pthread_create    CMakeFiles/cmTC_04cce.dir/CheckFunctionExists.c.o  -o cmTC_04cce -lpthreads 
/usr/bin/ld: cannot find -lpthreads
collect2: error: ld returned 1 exit status
make[1]: *** [CMakeFiles/cmTC_04cce.dir/build.make:87: cmTC_04cce] Error 1
make[1]: Leaving directory '/home/vlad/Desktop/2_year/ACS/lab_3/a/counting_words/cmake-build-debug/CMakeFiles/CMakeTmp'
make: *** [Makefile:121: cmTC_04cce/fast] Error 2



